phd: [INFO     ] 2021-03-02 11:57:00,896: 

 __________.__         .___
\______   \  |__    __| _/
 |     ___/  |  \  / __ |
 |    |   |   Y  \/ /_/ |
 |____|   |___|  /\____ |
               \/      \/
Welcome to Python Hydro-Dynamics!

Simulation Information
------------------------------
Running in serial
Log file saved at: linear_wave_10.log
Problem solving: linear_wave_10
Output data will be saved at: linear_wave_10_output

Classes used in the simulation
------------------------------
boundary_condition: Periodic
domain_manager: DomainManager
equation_state: IdealGas
integrator: MovingMeshMUSCLHancock
mesh: Mesh
particles: CarrayContainer
reconstruction: PieceWiseLinear
riemann: HLLC

phd: [INFO     ] 2021-03-02 11:57:00,898: IntegrateBase: Building initial mesh
phd: [INFO     ] 2021-03-02 11:57:00,899: Mesh: Starting mesh creation
phd: [INFO     ] 2021-03-02 11:57:00,906: hdf5 format: Writting initial_output0000.hdf5
phd: [INFO     ] 2021-03-02 11:57:00,928: Beginning integration loop
phd: [INFO     ] 2021-03-02 11:57:00,930: Hydro dt: 0.028209
phd: [INFO     ] 2021-03-02 11:57:00,930: Starting iteration: 0 time: 0.000000 dt: 0.028209
phd: [INFO     ] 2021-03-02 11:57:00,931: MovingMeshMUSCLHancock: Starting integration
phd: [INFO     ] 2021-03-02 11:57:00,931: PieceWiseLinear: Starting gradient cacluation
phd: [INFO     ] 2021-03-02 11:57:00,932: PieceWiseLinear: Starting spatial reconstruction
phd: [INFO     ] 2021-03-02 11:57:00,933: PieceWiseLinear: Starting temporal reconstruction
phd: [INFO     ] 2021-03-02 11:57:00,934: HLLC: Starting riemann
phd: [INFO     ] 2021-03-02 11:57:00,934: Mesh: Starting mesh creation
phd: [INFO     ] 2021-03-02 11:57:00,938: Hydro dt: 0.028209
phd: [INFO     ] 2021-03-02 11:57:00,938: Starting iteration: 1 time: 0.028209 dt: 0.028209
phd: [INFO     ] 2021-03-02 11:57:00,939: MovingMeshMUSCLHancock: Starting integration
phd: [INFO     ] 2021-03-02 11:57:00,939: PieceWiseLinear: Starting gradient cacluation
phd: [INFO     ] 2021-03-02 11:57:00,941: PieceWiseLinear: Starting spatial reconstruction
phd: [INFO     ] 2021-03-02 11:57:00,941: PieceWiseLinear: Starting temporal reconstruction
phd: [INFO     ] 2021-03-02 11:57:00,941: HLLC: Starting riemann
phd: [INFO     ] 2021-03-02 11:57:00,942: Mesh: Starting mesh creation
phd: [INFO     ] 2021-03-02 11:57:00,945: Hydro dt: 0.028209
phd: [INFO     ] 2021-03-02 11:57:00,946: Starting iteration: 2 time: 0.056419 dt: 0.028209
phd: [INFO     ] 2021-03-02 11:57:00,946: MovingMeshMUSCLHancock: Starting integration
phd: [INFO     ] 2021-03-02 11:57:00,947: PieceWiseLinear: Starting gradient cacluation
phd: [INFO     ] 2021-03-02 11:57:00,948: PieceWiseLinear: Starting spatial reconstruction
phd: [INFO     ] 2021-03-02 11:57:00,949: PieceWiseLinear: Starting temporal reconstruction
phd: [INFO     ] 2021-03-02 11:57:00,949: HLLC: Starting riemann
phd: [INFO     ] 2021-03-02 11:57:00,950: Mesh: Starting mesh creation
phd: [INFO     ] 2021-03-02 11:57:00,952: Hydro dt: 0.028209
phd: [INFO     ] 2021-03-02 11:57:00,953: Starting iteration: 3 time: 0.084628 dt: 0.028209
phd: [INFO     ] 2021-03-02 11:57:00,953: MovingMeshMUSCLHancock: Starting integration
phd: [INFO     ] 2021-03-02 11:57:00,954: PieceWiseLinear: Starting gradient cacluation
phd: [INFO     ] 2021-03-02 11:57:00,955: PieceWiseLinear: Starting spatial reconstruction
phd: [INFO     ] 2021-03-02 11:57:00,955: PieceWiseLinear: Starting temporal reconstruction
phd: [INFO     ] 2021-03-02 11:57:00,955: HLLC: Starting riemann
phd: [INFO     ] 2021-03-02 11:57:00,956: Mesh: Starting mesh creation
phd: [INFO     ] 2021-03-02 11:57:00,958: Hydro dt: 0.028209
phd: [INFO     ] 2021-03-02 11:57:00,958: Starting iteration: 4 time: 0.112838 dt: 0.028209
phd: [INFO     ] 2021-03-02 11:57:00,959: MovingMeshMUSCLHancock: Starting integration
phd: [INFO     ] 2021-03-02 11:57:00,959: PieceWiseLinear: Starting gradient cacluation
phd: [INFO     ] 2021-03-02 11:57:00,960: PieceWiseLinear: Starting spatial reconstruction
phd: [INFO     ] 2021-03-02 11:57:00,960: PieceWiseLinear: Starting temporal reconstruction
phd: [INFO     ] 2021-03-02 11:57:00,961: HLLC: Starting riemann
phd: [INFO     ] 2021-03-02 11:57:00,961: Mesh: Starting mesh creation
phd: [INFO     ] 2021-03-02 11:57:00,964: Hydro dt: 0.028209
phd: [INFO     ] 2021-03-02 11:57:00,965: Starting iteration: 5 time: 0.141047 dt: 0.028209
phd: [INFO     ] 2021-03-02 11:57:00,965: MovingMeshMUSCLHancock: Starting integration
phd: [INFO     ] 2021-03-02 11:57:00,966: PieceWiseLinear: Starting gradient cacluation
phd: [INFO     ] 2021-03-02 11:57:00,966: PieceWiseLinear: Starting spatial reconstruction
phd: [INFO     ] 2021-03-02 11:57:00,967: PieceWiseLinear: Starting temporal reconstruction
phd: [INFO     ] 2021-03-02 11:57:00,967: HLLC: Starting riemann
phd: [INFO     ] 2021-03-02 11:57:00,967: Mesh: Starting mesh creation
phd: [INFO     ] 2021-03-02 11:57:00,969: Hydro dt: 0.028209
phd: [INFO     ] 2021-03-02 11:57:00,970: Starting iteration: 6 time: 0.169257 dt: 0.028209
phd: [INFO     ] 2021-03-02 11:57:00,970: MovingMeshMUSCLHancock: Starting integration
phd: [INFO     ] 2021-03-02 11:57:00,970: PieceWiseLinear: Starting gradient cacluation
phd: [INFO     ] 2021-03-02 11:57:00,971: PieceWiseLinear: Starting spatial reconstruction
phd: [INFO     ] 2021-03-02 11:57:00,971: PieceWiseLinear: Starting temporal reconstruction
phd: [INFO     ] 2021-03-02 11:57:00,972: HLLC: Starting riemann
phd: [INFO     ] 2021-03-02 11:57:00,972: Mesh: Starting mesh creation
phd: [INFO     ] 2021-03-02 11:57:00,974: Hydro dt: 0.028209
phd: [INFO     ] 2021-03-02 11:57:00,974: Starting iteration: 7 time: 0.197466 dt: 0.028209
phd: [INFO     ] 2021-03-02 11:57:00,974: MovingMeshMUSCLHancock: Starting integration
phd: [INFO     ] 2021-03-02 11:57:00,975: PieceWiseLinear: Starting gradient cacluation
phd: [INFO     ] 2021-03-02 11:57:00,976: PieceWiseLinear: Starting spatial reconstruction
phd: [INFO     ] 2021-03-02 11:57:00,976: PieceWiseLinear: Starting temporal reconstruction
phd: [INFO     ] 2021-03-02 11:57:00,976: HLLC: Starting riemann
phd: [INFO     ] 2021-03-02 11:57:00,976: Mesh: Starting mesh creation
phd: [INFO     ] 2021-03-02 11:57:00,978: Hydro dt: 0.028209
phd: [INFO     ] 2021-03-02 11:57:00,979: Starting iteration: 8 time: 0.225676 dt: 0.028209
phd: [INFO     ] 2021-03-02 11:57:00,979: MovingMeshMUSCLHancock: Starting integration
phd: [INFO     ] 2021-03-02 11:57:00,980: PieceWiseLinear: Starting gradient cacluation
phd: [INFO     ] 2021-03-02 11:57:00,981: PieceWiseLinear: Starting spatial reconstruction
phd: [INFO     ] 2021-03-02 11:57:00,981: PieceWiseLinear: Starting temporal reconstruction
phd: [INFO     ] 2021-03-02 11:57:00,981: HLLC: Starting riemann
phd: [INFO     ] 2021-03-02 11:57:00,982: Mesh: Starting mesh creation
phd: [INFO     ] 2021-03-02 11:57:00,984: Hydro dt: 0.028209
phd: [INFO     ] 2021-03-02 11:57:00,984: Starting iteration: 9 time: 0.253885 dt: 0.028209
phd: [INFO     ] 2021-03-02 11:57:00,984: MovingMeshMUSCLHancock: Starting integration
phd: [INFO     ] 2021-03-02 11:57:00,985: PieceWiseLinear: Starting gradient cacluation
phd: [INFO     ] 2021-03-02 11:57:00,985: PieceWiseLinear: Starting spatial reconstruction
phd: [INFO     ] 2021-03-02 11:57:00,986: PieceWiseLinear: Starting temporal reconstruction
phd: [INFO     ] 2021-03-02 11:57:00,986: HLLC: Starting riemann
phd: [INFO     ] 2021-03-02 11:57:00,986: Mesh: Starting mesh creation
phd: [INFO     ] 2021-03-02 11:57:00,988: Hydro dt: 0.028209
phd: [INFO     ] 2021-03-02 11:57:00,988: Starting iteration: 10 time: 0.282095 dt: 0.028209
phd: [INFO     ] 2021-03-02 11:57:00,989: MovingMeshMUSCLHancock: Starting integration
phd: [INFO     ] 2021-03-02 11:57:00,989: PieceWiseLinear: Starting gradient cacluation
phd: [INFO     ] 2021-03-02 11:57:00,990: PieceWiseLinear: Starting spatial reconstruction
phd: [INFO     ] 2021-03-02 11:57:00,990: PieceWiseLinear: Starting temporal reconstruction
phd: [INFO     ] 2021-03-02 11:57:00,990: HLLC: Starting riemann
phd: [INFO     ] 2021-03-02 11:57:00,991: Mesh: Starting mesh creation
phd: [INFO     ] 2021-03-02 11:57:00,993: Hydro dt: 0.028209
phd: [INFO     ] 2021-03-02 11:57:00,993: Starting iteration: 11 time: 0.310304 dt: 0.028209
phd: [INFO     ] 2021-03-02 11:57:00,993: MovingMeshMUSCLHancock: Starting integration
phd: [INFO     ] 2021-03-02 11:57:00,994: PieceWiseLinear: Starting gradient cacluation
phd: [INFO     ] 2021-03-02 11:57:00,995: PieceWiseLinear: Starting spatial reconstruction
phd: [INFO     ] 2021-03-02 11:57:00,995: PieceWiseLinear: Starting temporal reconstruction
phd: [INFO     ] 2021-03-02 11:57:00,996: HLLC: Starting riemann
phd: [INFO     ] 2021-03-02 11:57:00,996: Mesh: Starting mesh creation
phd: [INFO     ] 2021-03-02 11:57:00,999: Hydro dt: 0.028209
phd: [INFO     ] 2021-03-02 11:57:00,999: Starting iteration: 12 time: 0.338514 dt: 0.028209
phd: [INFO     ] 2021-03-02 11:57:00,999: MovingMeshMUSCLHancock: Starting integration
phd: [INFO     ] 2021-03-02 11:57:01,000: PieceWiseLinear: Starting gradient cacluation
phd: [INFO     ] 2021-03-02 11:57:01,001: PieceWiseLinear: Starting spatial reconstruction
phd: [INFO     ] 2021-03-02 11:57:01,001: PieceWiseLinear: Starting temporal reconstruction
phd: [INFO     ] 2021-03-02 11:57:01,001: HLLC: Starting riemann
phd: [INFO     ] 2021-03-02 11:57:01,001: Mesh: Starting mesh creation
phd: [INFO     ] 2021-03-02 11:57:01,003: Hydro dt: 0.028209
phd: [INFO     ] 2021-03-02 11:57:01,004: Starting iteration: 13 time: 0.366723 dt: 0.028209
phd: [INFO     ] 2021-03-02 11:57:01,004: MovingMeshMUSCLHancock: Starting integration
phd: [INFO     ] 2021-03-02 11:57:01,004: PieceWiseLinear: Starting gradient cacluation
phd: [INFO     ] 2021-03-02 11:57:01,005: PieceWiseLinear: Starting spatial reconstruction
phd: [INFO     ] 2021-03-02 11:57:01,005: PieceWiseLinear: Starting temporal reconstruction
phd: [INFO     ] 2021-03-02 11:57:01,006: HLLC: Starting riemann
phd: [INFO     ] 2021-03-02 11:57:01,006: Mesh: Starting mesh creation
phd: [INFO     ] 2021-03-02 11:57:01,008: Hydro dt: 0.028209
phd: [INFO     ] 2021-03-02 11:57:01,008: Starting iteration: 14 time: 0.394932 dt: 0.028209
phd: [INFO     ] 2021-03-02 11:57:01,009: MovingMeshMUSCLHancock: Starting integration
phd: [INFO     ] 2021-03-02 11:57:01,009: PieceWiseLinear: Starting gradient cacluation
phd: [INFO     ] 2021-03-02 11:57:01,010: PieceWiseLinear: Starting spatial reconstruction
phd: [INFO     ] 2021-03-02 11:57:01,010: PieceWiseLinear: Starting temporal reconstruction
phd: [INFO     ] 2021-03-02 11:57:01,010: HLLC: Starting riemann
phd: [INFO     ] 2021-03-02 11:57:01,011: Mesh: Starting mesh creation
phd: [INFO     ] 2021-03-02 11:57:01,013: Hydro dt: 0.028209
phd: [INFO     ] 2021-03-02 11:57:01,014: Starting iteration: 15 time: 0.423142 dt: 0.028209
phd: [INFO     ] 2021-03-02 11:57:01,014: MovingMeshMUSCLHancock: Starting integration
phd: [INFO     ] 2021-03-02 11:57:01,015: PieceWiseLinear: Starting gradient cacluation
phd: [INFO     ] 2021-03-02 11:57:01,015: PieceWiseLinear: Starting spatial reconstruction
phd: [INFO     ] 2021-03-02 11:57:01,016: PieceWiseLinear: Starting temporal reconstruction
phd: [INFO     ] 2021-03-02 11:57:01,016: HLLC: Starting riemann
phd: [INFO     ] 2021-03-02 11:57:01,017: Mesh: Starting mesh creation
phd: [INFO     ] 2021-03-02 11:57:01,019: Hydro dt: 0.028209
phd: [INFO     ] 2021-03-02 11:57:01,019: Starting iteration: 16 time: 0.451351 dt: 0.028209
phd: [INFO     ] 2021-03-02 11:57:01,019: MovingMeshMUSCLHancock: Starting integration
phd: [INFO     ] 2021-03-02 11:57:01,020: PieceWiseLinear: Starting gradient cacluation
phd: [INFO     ] 2021-03-02 11:57:01,020: PieceWiseLinear: Starting spatial reconstruction
phd: [INFO     ] 2021-03-02 11:57:01,021: PieceWiseLinear: Starting temporal reconstruction
phd: [INFO     ] 2021-03-02 11:57:01,021: HLLC: Starting riemann
phd: [INFO     ] 2021-03-02 11:57:01,021: Mesh: Starting mesh creation
phd: [INFO     ] 2021-03-02 11:57:01,023: Hydro dt: 0.028209
phd: [INFO     ] 2021-03-02 11:57:01,024: Starting iteration: 17 time: 0.479561 dt: 0.028209
phd: [INFO     ] 2021-03-02 11:57:01,024: MovingMeshMUSCLHancock: Starting integration
phd: [INFO     ] 2021-03-02 11:57:01,024: PieceWiseLinear: Starting gradient cacluation
phd: [INFO     ] 2021-03-02 11:57:01,025: PieceWiseLinear: Starting spatial reconstruction
phd: [INFO     ] 2021-03-02 11:57:01,025: PieceWiseLinear: Starting temporal reconstruction
phd: [INFO     ] 2021-03-02 11:57:01,026: HLLC: Starting riemann
phd: [INFO     ] 2021-03-02 11:57:01,026: Mesh: Starting mesh creation
phd: [INFO     ] 2021-03-02 11:57:01,028: Hydro dt: 0.028209
phd: [INFO     ] 2021-03-02 11:57:01,029: Starting iteration: 18 time: 0.507770 dt: 0.028209
phd: [INFO     ] 2021-03-02 11:57:01,029: MovingMeshMUSCLHancock: Starting integration
phd: [INFO     ] 2021-03-02 11:57:01,030: PieceWiseLinear: Starting gradient cacluation
phd: [INFO     ] 2021-03-02 11:57:01,030: PieceWiseLinear: Starting spatial reconstruction
phd: [INFO     ] 2021-03-02 11:57:01,031: PieceWiseLinear: Starting temporal reconstruction
phd: [INFO     ] 2021-03-02 11:57:01,031: HLLC: Starting riemann
phd: [INFO     ] 2021-03-02 11:57:01,031: Mesh: Starting mesh creation
phd: [INFO     ] 2021-03-02 11:57:01,033: Hydro dt: 0.028209
phd: [INFO     ] 2021-03-02 11:57:01,033: Starting iteration: 19 time: 0.535980 dt: 0.028209
phd: [INFO     ] 2021-03-02 11:57:01,034: MovingMeshMUSCLHancock: Starting integration
phd: [INFO     ] 2021-03-02 11:57:01,034: PieceWiseLinear: Starting gradient cacluation
phd: [INFO     ] 2021-03-02 11:57:01,035: PieceWiseLinear: Starting spatial reconstruction
phd: [INFO     ] 2021-03-02 11:57:01,035: PieceWiseLinear: Starting temporal reconstruction
phd: [INFO     ] 2021-03-02 11:57:01,035: HLLC: Starting riemann
phd: [INFO     ] 2021-03-02 11:57:01,036: Mesh: Starting mesh creation
phd: [INFO     ] 2021-03-02 11:57:01,038: Hydro dt: 0.028209
phd: [INFO     ] 2021-03-02 11:57:01,038: Starting iteration: 20 time: 0.564189 dt: 0.028209
phd: [INFO     ] 2021-03-02 11:57:01,038: MovingMeshMUSCLHancock: Starting integration
phd: [INFO     ] 2021-03-02 11:57:01,039: PieceWiseLinear: Starting gradient cacluation
phd: [INFO     ] 2021-03-02 11:57:01,040: PieceWiseLinear: Starting spatial reconstruction
phd: [INFO     ] 2021-03-02 11:57:01,040: PieceWiseLinear: Starting temporal reconstruction
phd: [INFO     ] 2021-03-02 11:57:01,040: HLLC: Starting riemann
phd: [INFO     ] 2021-03-02 11:57:01,040: Mesh: Starting mesh creation
phd: [INFO     ] 2021-03-02 11:57:01,042: Hydro dt: 0.028209
phd: [INFO     ] 2021-03-02 11:57:01,043: Starting iteration: 21 time: 0.592399 dt: 0.028209
phd: [INFO     ] 2021-03-02 11:57:01,043: MovingMeshMUSCLHancock: Starting integration
phd: [INFO     ] 2021-03-02 11:57:01,043: PieceWiseLinear: Starting gradient cacluation
phd: [INFO     ] 2021-03-02 11:57:01,044: PieceWiseLinear: Starting spatial reconstruction
phd: [INFO     ] 2021-03-02 11:57:01,045: PieceWiseLinear: Starting temporal reconstruction
phd: [INFO     ] 2021-03-02 11:57:01,045: HLLC: Starting riemann
phd: [INFO     ] 2021-03-02 11:57:01,046: Mesh: Starting mesh creation
phd: [INFO     ] 2021-03-02 11:57:01,048: Hydro dt: 0.028209
phd: [INFO     ] 2021-03-02 11:57:01,048: Starting iteration: 22 time: 0.620608 dt: 0.028209
phd: [INFO     ] 2021-03-02 11:57:01,049: MovingMeshMUSCLHancock: Starting integration
phd: [INFO     ] 2021-03-02 11:57:01,049: PieceWiseLinear: Starting gradient cacluation
phd: [INFO     ] 2021-03-02 11:57:01,050: PieceWiseLinear: Starting spatial reconstruction
phd: [INFO     ] 2021-03-02 11:57:01,050: PieceWiseLinear: Starting temporal reconstruction
phd: [INFO     ] 2021-03-02 11:57:01,050: HLLC: Starting riemann
phd: [INFO     ] 2021-03-02 11:57:01,051: Mesh: Starting mesh creation
phd: [INFO     ] 2021-03-02 11:57:01,052: Hydro dt: 0.028209
phd: [INFO     ] 2021-03-02 11:57:01,053: Starting iteration: 23 time: 0.648817 dt: 0.028209
phd: [INFO     ] 2021-03-02 11:57:01,053: MovingMeshMUSCLHancock: Starting integration
phd: [INFO     ] 2021-03-02 11:57:01,054: PieceWiseLinear: Starting gradient cacluation
phd: [INFO     ] 2021-03-02 11:57:01,054: PieceWiseLinear: Starting spatial reconstruction
phd: [INFO     ] 2021-03-02 11:57:01,055: PieceWiseLinear: Starting temporal reconstruction
phd: [INFO     ] 2021-03-02 11:57:01,055: HLLC: Starting riemann
phd: [INFO     ] 2021-03-02 11:57:01,055: Mesh: Starting mesh creation
phd: [INFO     ] 2021-03-02 11:57:01,057: Hydro dt: 0.028209
phd: [INFO     ] 2021-03-02 11:57:01,057: Starting iteration: 24 time: 0.677027 dt: 0.028209
phd: [INFO     ] 2021-03-02 11:57:01,058: MovingMeshMUSCLHancock: Starting integration
phd: [INFO     ] 2021-03-02 11:57:01,058: PieceWiseLinear: Starting gradient cacluation
phd: [INFO     ] 2021-03-02 11:57:01,059: PieceWiseLinear: Starting spatial reconstruction
phd: [INFO     ] 2021-03-02 11:57:01,059: PieceWiseLinear: Starting temporal reconstruction
phd: [INFO     ] 2021-03-02 11:57:01,059: HLLC: Starting riemann
phd: [INFO     ] 2021-03-02 11:57:01,060: Mesh: Starting mesh creation
phd: [INFO     ] 2021-03-02 11:57:01,062: Hydro dt: 0.028209
phd: [INFO     ] 2021-03-02 11:57:01,062: Starting iteration: 25 time: 0.705236 dt: 0.028209
phd: [INFO     ] 2021-03-02 11:57:01,063: MovingMeshMUSCLHancock: Starting integration
phd: [INFO     ] 2021-03-02 11:57:01,063: PieceWiseLinear: Starting gradient cacluation
phd: [INFO     ] 2021-03-02 11:57:01,064: PieceWiseLinear: Starting spatial reconstruction
phd: [INFO     ] 2021-03-02 11:57:01,064: PieceWiseLinear: Starting temporal reconstruction
phd: [INFO     ] 2021-03-02 11:57:01,065: HLLC: Starting riemann
phd: [INFO     ] 2021-03-02 11:57:01,065: Mesh: Starting mesh creation
phd: [INFO     ] 2021-03-02 11:57:01,067: Hydro dt: 0.028209
phd: [INFO     ] 2021-03-02 11:57:01,067: Starting iteration: 26 time: 0.733446 dt: 0.028209
phd: [INFO     ] 2021-03-02 11:57:01,068: MovingMeshMUSCLHancock: Starting integration
phd: [INFO     ] 2021-03-02 11:57:01,068: PieceWiseLinear: Starting gradient cacluation
phd: [INFO     ] 2021-03-02 11:57:01,069: PieceWiseLinear: Starting spatial reconstruction
phd: [INFO     ] 2021-03-02 11:57:01,069: PieceWiseLinear: Starting temporal reconstruction
phd: [INFO     ] 2021-03-02 11:57:01,069: HLLC: Starting riemann
phd: [INFO     ] 2021-03-02 11:57:01,070: Mesh: Starting mesh creation
phd: [INFO     ] 2021-03-02 11:57:01,071: Hydro dt: 0.028209
phd: [INFO     ] 2021-03-02 11:57:01,072: Starting iteration: 27 time: 0.761655 dt: 0.028209
phd: [INFO     ] 2021-03-02 11:57:01,072: MovingMeshMUSCLHancock: Starting integration
phd: [INFO     ] 2021-03-02 11:57:01,072: PieceWiseLinear: Starting gradient cacluation
phd: [INFO     ] 2021-03-02 11:57:01,073: PieceWiseLinear: Starting spatial reconstruction
phd: [INFO     ] 2021-03-02 11:57:01,073: PieceWiseLinear: Starting temporal reconstruction
phd: [INFO     ] 2021-03-02 11:57:01,074: HLLC: Starting riemann
phd: [INFO     ] 2021-03-02 11:57:01,074: Mesh: Starting mesh creation
phd: [INFO     ] 2021-03-02 11:57:01,076: Hydro dt: 0.028209
phd: [INFO     ] 2021-03-02 11:57:01,076: Starting iteration: 28 time: 0.789865 dt: 0.028209
phd: [INFO     ] 2021-03-02 11:57:01,077: MovingMeshMUSCLHancock: Starting integration
phd: [INFO     ] 2021-03-02 11:57:01,078: PieceWiseLinear: Starting gradient cacluation
phd: [INFO     ] 2021-03-02 11:57:01,079: PieceWiseLinear: Starting spatial reconstruction
phd: [INFO     ] 2021-03-02 11:57:01,079: PieceWiseLinear: Starting temporal reconstruction
phd: [INFO     ] 2021-03-02 11:57:01,079: HLLC: Starting riemann
phd: [INFO     ] 2021-03-02 11:57:01,080: Mesh: Starting mesh creation
phd: [INFO     ] 2021-03-02 11:57:01,082: Hydro dt: 0.028209
phd: [INFO     ] 2021-03-02 11:57:01,082: Starting iteration: 29 time: 0.818074 dt: 0.028209
phd: [INFO     ] 2021-03-02 11:57:01,082: MovingMeshMUSCLHancock: Starting integration
phd: [INFO     ] 2021-03-02 11:57:01,083: PieceWiseLinear: Starting gradient cacluation
phd: [INFO     ] 2021-03-02 11:57:01,083: PieceWiseLinear: Starting spatial reconstruction
phd: [INFO     ] 2021-03-02 11:57:01,084: PieceWiseLinear: Starting temporal reconstruction
phd: [INFO     ] 2021-03-02 11:57:01,084: HLLC: Starting riemann
phd: [INFO     ] 2021-03-02 11:57:01,084: Mesh: Starting mesh creation
phd: [INFO     ] 2021-03-02 11:57:01,086: Hydro dt: 0.028209
phd: [INFO     ] 2021-03-02 11:57:01,086: Starting iteration: 30 time: 0.846284 dt: 0.028209
phd: [INFO     ] 2021-03-02 11:57:01,087: MovingMeshMUSCLHancock: Starting integration
phd: [INFO     ] 2021-03-02 11:57:01,087: PieceWiseLinear: Starting gradient cacluation
phd: [INFO     ] 2021-03-02 11:57:01,088: PieceWiseLinear: Starting spatial reconstruction
phd: [INFO     ] 2021-03-02 11:57:01,088: PieceWiseLinear: Starting temporal reconstruction
phd: [INFO     ] 2021-03-02 11:57:01,088: HLLC: Starting riemann
phd: [INFO     ] 2021-03-02 11:57:01,089: Mesh: Starting mesh creation
phd: [INFO     ] 2021-03-02 11:57:01,090: Hydro dt: 0.028209
phd: [INFO     ] 2021-03-02 11:57:01,091: Starting iteration: 31 time: 0.874493 dt: 0.028209
phd: [INFO     ] 2021-03-02 11:57:01,091: MovingMeshMUSCLHancock: Starting integration
phd: [INFO     ] 2021-03-02 11:57:01,091: PieceWiseLinear: Starting gradient cacluation
phd: [INFO     ] 2021-03-02 11:57:01,092: PieceWiseLinear: Starting spatial reconstruction
phd: [INFO     ] 2021-03-02 11:57:01,092: PieceWiseLinear: Starting temporal reconstruction
phd: [INFO     ] 2021-03-02 11:57:01,093: HLLC: Starting riemann
phd: [INFO     ] 2021-03-02 11:57:01,093: Mesh: Starting mesh creation
phd: [INFO     ] 2021-03-02 11:57:01,095: Hydro dt: 0.028209
phd: [INFO     ] 2021-03-02 11:57:01,096: Starting iteration: 32 time: 0.902703 dt: 0.028209
phd: [INFO     ] 2021-03-02 11:57:01,096: MovingMeshMUSCLHancock: Starting integration
phd: [INFO     ] 2021-03-02 11:57:01,096: PieceWiseLinear: Starting gradient cacluation
phd: [INFO     ] 2021-03-02 11:57:01,097: PieceWiseLinear: Starting spatial reconstruction
phd: [INFO     ] 2021-03-02 11:57:01,097: PieceWiseLinear: Starting temporal reconstruction
phd: [INFO     ] 2021-03-02 11:57:01,098: HLLC: Starting riemann
phd: [INFO     ] 2021-03-02 11:57:01,098: Mesh: Starting mesh creation
phd: [INFO     ] 2021-03-02 11:57:01,100: Hydro dt: 0.028209
phd: [INFO     ] 2021-03-02 11:57:01,100: Starting iteration: 33 time: 0.930912 dt: 0.028209
phd: [INFO     ] 2021-03-02 11:57:01,100: MovingMeshMUSCLHancock: Starting integration
phd: [INFO     ] 2021-03-02 11:57:01,101: PieceWiseLinear: Starting gradient cacluation
phd: [INFO     ] 2021-03-02 11:57:01,101: PieceWiseLinear: Starting spatial reconstruction
phd: [INFO     ] 2021-03-02 11:57:01,101: PieceWiseLinear: Starting temporal reconstruction
phd: [INFO     ] 2021-03-02 11:57:01,102: HLLC: Starting riemann
phd: [INFO     ] 2021-03-02 11:57:01,102: Mesh: Starting mesh creation
phd: [INFO     ] 2021-03-02 11:57:01,104: Hydro dt: 0.028209
phd: [INFO     ] 2021-03-02 11:57:01,104: Starting iteration: 34 time: 0.959122 dt: 0.028209
phd: [INFO     ] 2021-03-02 11:57:01,104: MovingMeshMUSCLHancock: Starting integration
phd: [INFO     ] 2021-03-02 11:57:01,105: PieceWiseLinear: Starting gradient cacluation
phd: [INFO     ] 2021-03-02 11:57:01,105: PieceWiseLinear: Starting spatial reconstruction
phd: [INFO     ] 2021-03-02 11:57:01,106: PieceWiseLinear: Starting temporal reconstruction
phd: [INFO     ] 2021-03-02 11:57:01,106: HLLC: Starting riemann
phd: [INFO     ] 2021-03-02 11:57:01,106: Mesh: Starting mesh creation
phd: [INFO     ] 2021-03-02 11:57:01,108: Hydro dt: 0.028209
phd: [INFO     ] 2021-03-02 11:57:01,108: Starting iteration: 35 time: 0.987331 dt: 0.012669
phd: [INFO     ] 2021-03-02 11:57:01,109: MovingMeshMUSCLHancock: Starting integration
phd: [INFO     ] 2021-03-02 11:57:01,109: PieceWiseLinear: Starting gradient cacluation
phd: [INFO     ] 2021-03-02 11:57:01,110: PieceWiseLinear: Starting spatial reconstruction
phd: [INFO     ] 2021-03-02 11:57:01,110: PieceWiseLinear: Starting temporal reconstruction
phd: [INFO     ] 2021-03-02 11:57:01,110: HLLC: Starting riemann
phd: [INFO     ] 2021-03-02 11:57:01,111: Mesh: Starting mesh creation
phd: [INFO     ] 2021-03-02 11:57:01,113: hdf5 format: Writting final_output0000.hdf5
phd: [SUCCESS  ] 2021-03-02 11:57:01,122: Simulation successfully finished!
phd: [INFO     ] 2021-03-02 11:57:15,412: hdf5 format: Reading filename ../../notebooks_tests/linear_wave/linear_wave_10_output/initial_output/initial_output0000/initial_output0000.hdf5
phd: [INFO     ] 2021-03-02 11:57:15,423: hdf5 format: Reading filename ../../notebooks_tests/linear_wave/linear_wave_10_output/final_output/final_output0000/final_output0000.hdf5
